{"/Users/juniormartins/www/rocketseat/reactnative/iweather_test/src/assets/background.png": {"path":"/Users/juniormartins/www/rocketseat/reactnative/iweather_test/src/assets/background.png","statementMap":{"0":{"start":{"line":1,"column":0},"end":{"line":1,"column":19}}},"fnMap":{},"branchMap":{},"s":{"0":1},"f":{},"b":{},"_coverageSchema":"1a1c01bbd47fc00a2c39e90264f33305004495a9","hash":"e6eb0f94e12c1507be31f08fb10e316d159c4639"}
,"/Users/juniormartins/www/rocketseat/reactnative/iweather_test/src/assets/bg_clear_day.png": {"path":"/Users/juniormartins/www/rocketseat/reactnative/iweather_test/src/assets/bg_clear_day.png","statementMap":{"0":{"start":{"line":1,"column":0},"end":{"line":1,"column":19}}},"fnMap":{},"branchMap":{},"s":{"0":2},"f":{},"b":{},"_coverageSchema":"1a1c01bbd47fc00a2c39e90264f33305004495a9","hash":"a942f4904b5ca71d06787e16a39f763e33e4e95f"}
,"/Users/juniormartins/www/rocketseat/reactnative/iweather_test/src/assets/bg_clear_night.png": {"path":"/Users/juniormartins/www/rocketseat/reactnative/iweather_test/src/assets/bg_clear_night.png","statementMap":{"0":{"start":{"line":1,"column":0},"end":{"line":1,"column":19}}},"fnMap":{},"branchMap":{},"s":{"0":2},"f":{},"b":{},"_coverageSchema":"1a1c01bbd47fc00a2c39e90264f33305004495a9","hash":"8d1a83f852bcd921aa6aadf08687eeb97ff11835"}
,"/Users/juniormartins/www/rocketseat/reactnative/iweather_test/src/assets/bg_cloudy_day.png": {"path":"/Users/juniormartins/www/rocketseat/reactnative/iweather_test/src/assets/bg_cloudy_day.png","statementMap":{"0":{"start":{"line":1,"column":0},"end":{"line":1,"column":19}}},"fnMap":{},"branchMap":{},"s":{"0":2},"f":{},"b":{},"_coverageSchema":"1a1c01bbd47fc00a2c39e90264f33305004495a9","hash":"5bed788c4a3218233090d5b856458f8b85b026d4"}
,"/Users/juniormartins/www/rocketseat/reactnative/iweather_test/src/assets/bg_cloudy_night.png": {"path":"/Users/juniormartins/www/rocketseat/reactnative/iweather_test/src/assets/bg_cloudy_night.png","statementMap":{"0":{"start":{"line":1,"column":0},"end":{"line":1,"column":19}}},"fnMap":{},"branchMap":{},"s":{"0":2},"f":{},"b":{},"_coverageSchema":"1a1c01bbd47fc00a2c39e90264f33305004495a9","hash":"8a96115f47c2fa9ea808908ea542fb63f48631fc"}
,"/Users/juniormartins/www/rocketseat/reactnative/iweather_test/src/assets/bg_rain_day.png": {"path":"/Users/juniormartins/www/rocketseat/reactnative/iweather_test/src/assets/bg_rain_day.png","statementMap":{"0":{"start":{"line":1,"column":0},"end":{"line":1,"column":19}}},"fnMap":{},"branchMap":{},"s":{"0":2},"f":{},"b":{},"_coverageSchema":"1a1c01bbd47fc00a2c39e90264f33305004495a9","hash":"a90dc51a136ed101c45824fc15166aa8bb1e8107"}
,"/Users/juniormartins/www/rocketseat/reactnative/iweather_test/src/assets/bg_rain_night.png": {"path":"/Users/juniormartins/www/rocketseat/reactnative/iweather_test/src/assets/bg_rain_night.png","statementMap":{"0":{"start":{"line":1,"column":0},"end":{"line":1,"column":19}}},"fnMap":{},"branchMap":{},"s":{"0":2},"f":{},"b":{},"_coverageSchema":"1a1c01bbd47fc00a2c39e90264f33305004495a9","hash":"8725b49cd97b707439a58576faa9eb542c7cc979"}
,"/Users/juniormartins/www/rocketseat/reactnative/iweather_test/src/assets/bg_snow_day.png": {"path":"/Users/juniormartins/www/rocketseat/reactnative/iweather_test/src/assets/bg_snow_day.png","statementMap":{"0":{"start":{"line":1,"column":0},"end":{"line":1,"column":19}}},"fnMap":{},"branchMap":{},"s":{"0":2},"f":{},"b":{},"_coverageSchema":"1a1c01bbd47fc00a2c39e90264f33305004495a9","hash":"8dc42cc8499202e5b51cdd707ab4130d65a666bf"}
,"/Users/juniormartins/www/rocketseat/reactnative/iweather_test/src/assets/bg_snow_night.png": {"path":"/Users/juniormartins/www/rocketseat/reactnative/iweather_test/src/assets/bg_snow_night.png","statementMap":{"0":{"start":{"line":1,"column":0},"end":{"line":1,"column":19}}},"fnMap":{},"branchMap":{},"s":{"0":2},"f":{},"b":{},"_coverageSchema":"1a1c01bbd47fc00a2c39e90264f33305004495a9","hash":"0bc0994b45a3c2444b2b33c83c2057515917032a"}
,"/Users/juniormartins/www/rocketseat/reactnative/iweather_test/src/assets/clear_day.svg": {"path":"/Users/juniormartins/www/rocketseat/reactnative/iweather_test/src/assets/clear_day.svg","statementMap":{"0":{"start":{"line":2,"column":14},"end":{"line":2,"column":30}},"1":{"start":{"line":4,"column":2},"end":{"line":7,"column":4}},"2":{"start":{"line":9,"column":0},"end":{"line":9,"column":30}}},"fnMap":{"0":{"name":"SvgClear_day","decl":{"start":{"line":3,"column":9},"end":{"line":3,"column":21}},"loc":{"start":{"line":3,"column":29},"end":{"line":8,"column":1}},"line":3}},"branchMap":{},"s":{"0":4,"1":8,"2":4},"f":{"0":8},"b":{},"_coverageSchema":"1a1c01bbd47fc00a2c39e90264f33305004495a9","hash":"58bce11f83cf415dae83d105d4ff8f2a4fdde3f9"}
,"/Users/juniormartins/www/rocketseat/reactnative/iweather_test/src/assets/clear_night.svg": {"path":"/Users/juniormartins/www/rocketseat/reactnative/iweather_test/src/assets/clear_night.svg","statementMap":{"0":{"start":{"line":2,"column":14},"end":{"line":2,"column":30}},"1":{"start":{"line":4,"column":2},"end":{"line":7,"column":4}},"2":{"start":{"line":9,"column":0},"end":{"line":9,"column":32}}},"fnMap":{"0":{"name":"SvgClear_night","decl":{"start":{"line":3,"column":9},"end":{"line":3,"column":23}},"loc":{"start":{"line":3,"column":31},"end":{"line":8,"column":1}},"line":3}},"branchMap":{},"s":{"0":2,"1":2,"2":2},"f":{"0":2},"b":{},"_coverageSchema":"1a1c01bbd47fc00a2c39e90264f33305004495a9","hash":"ee061d904ff8ce17f051e56843d6ebdc74f204d0"}
,"/Users/juniormartins/www/rocketseat/reactnative/iweather_test/src/assets/cloudy_day.svg": {"path":"/Users/juniormartins/www/rocketseat/reactnative/iweather_test/src/assets/cloudy_day.svg","statementMap":{"0":{"start":{"line":2,"column":14},"end":{"line":2,"column":30}},"1":{"start":{"line":4,"column":2},"end":{"line":7,"column":4}},"2":{"start":{"line":9,"column":0},"end":{"line":9,"column":31}}},"fnMap":{"0":{"name":"SvgCloudy_day","decl":{"start":{"line":3,"column":9},"end":{"line":3,"column":22}},"loc":{"start":{"line":3,"column":30},"end":{"line":8,"column":1}},"line":3}},"branchMap":{},"s":{"0":2,"1":0,"2":2},"f":{"0":0},"b":{},"_coverageSchema":"1a1c01bbd47fc00a2c39e90264f33305004495a9","hash":"8bb5093995c0e822f0b99f2cab3be654e1da17f9"}
,"/Users/juniormartins/www/rocketseat/reactnative/iweather_test/src/assets/cloudy_night.svg": {"path":"/Users/juniormartins/www/rocketseat/reactnative/iweather_test/src/assets/cloudy_night.svg","statementMap":{"0":{"start":{"line":2,"column":14},"end":{"line":2,"column":30}},"1":{"start":{"line":4,"column":2},"end":{"line":7,"column":4}},"2":{"start":{"line":9,"column":0},"end":{"line":9,"column":33}}},"fnMap":{"0":{"name":"SvgCloudy_night","decl":{"start":{"line":3,"column":9},"end":{"line":3,"column":24}},"loc":{"start":{"line":3,"column":32},"end":{"line":8,"column":1}},"line":3}},"branchMap":{},"s":{"0":2,"1":0,"2":2},"f":{"0":0},"b":{},"_coverageSchema":"1a1c01bbd47fc00a2c39e90264f33305004495a9","hash":"37422475848cc1fa6524880490414956b1da3fd9"}
,"/Users/juniormartins/www/rocketseat/reactnative/iweather_test/src/assets/drop.svg": {"path":"/Users/juniormartins/www/rocketseat/reactnative/iweather_test/src/assets/drop.svg","statementMap":{"0":{"start":{"line":2,"column":14},"end":{"line":2,"column":30}},"1":{"start":{"line":4,"column":2},"end":{"line":7,"column":4}},"2":{"start":{"line":9,"column":0},"end":{"line":9,"column":25}}},"fnMap":{"0":{"name":"SvgDrop","decl":{"start":{"line":3,"column":9},"end":{"line":3,"column":16}},"loc":{"start":{"line":3,"column":24},"end":{"line":8,"column":1}},"line":3}},"branchMap":{},"s":{"0":2,"1":3,"2":2},"f":{"0":3},"b":{},"_coverageSchema":"1a1c01bbd47fc00a2c39e90264f33305004495a9","hash":"4eff93e7dcf18be304b084cfbb91119b4d2a3a58"}
,"/Users/juniormartins/www/rocketseat/reactnative/iweather_test/src/assets/logo.svg": {"path":"/Users/juniormartins/www/rocketseat/reactnative/iweather_test/src/assets/logo.svg","statementMap":{"0":{"start":{"line":2,"column":14},"end":{"line":2,"column":30}},"1":{"start":{"line":4,"column":2},"end":{"line":7,"column":4}},"2":{"start":{"line":9,"column":0},"end":{"line":9,"column":25}}},"fnMap":{"0":{"name":"SvgLogo","decl":{"start":{"line":3,"column":9},"end":{"line":3,"column":16}},"loc":{"start":{"line":3,"column":24},"end":{"line":8,"column":1}},"line":3}},"branchMap":{},"s":{"0":1,"1":4,"2":1},"f":{"0":4},"b":{},"_coverageSchema":"1a1c01bbd47fc00a2c39e90264f33305004495a9","hash":"afe1b97b84fcd539cdb19468ac05be1321af9085"}
,"/Users/juniormartins/www/rocketseat/reactnative/iweather_test/src/assets/rain.svg": {"path":"/Users/juniormartins/www/rocketseat/reactnative/iweather_test/src/assets/rain.svg","statementMap":{"0":{"start":{"line":2,"column":14},"end":{"line":2,"column":30}},"1":{"start":{"line":4,"column":2},"end":{"line":7,"column":4}},"2":{"start":{"line":9,"column":0},"end":{"line":9,"column":25}}},"fnMap":{"0":{"name":"SvgRain","decl":{"start":{"line":3,"column":9},"end":{"line":3,"column":16}},"loc":{"start":{"line":3,"column":24},"end":{"line":8,"column":1}},"line":3}},"branchMap":{},"s":{"0":1,"1":2,"2":1},"f":{"0":2},"b":{},"_coverageSchema":"1a1c01bbd47fc00a2c39e90264f33305004495a9","hash":"0616b7a4be66d54686c4999c706c43b407970d25"}
,"/Users/juniormartins/www/rocketseat/reactnative/iweather_test/src/assets/rain_moment_day.svg": {"path":"/Users/juniormartins/www/rocketseat/reactnative/iweather_test/src/assets/rain_moment_day.svg","statementMap":{"0":{"start":{"line":2,"column":14},"end":{"line":2,"column":30}},"1":{"start":{"line":4,"column":2},"end":{"line":7,"column":4}},"2":{"start":{"line":9,"column":0},"end":{"line":9,"column":36}}},"fnMap":{"0":{"name":"SvgRain_moment_day","decl":{"start":{"line":3,"column":9},"end":{"line":3,"column":27}},"loc":{"start":{"line":3,"column":35},"end":{"line":8,"column":1}},"line":3}},"branchMap":{},"s":{"0":2,"1":0,"2":2},"f":{"0":0},"b":{},"_coverageSchema":"1a1c01bbd47fc00a2c39e90264f33305004495a9","hash":"84021f7dbf6b52f89c5169a2f50d9105a012e2d8"}
,"/Users/juniormartins/www/rocketseat/reactnative/iweather_test/src/assets/snow_day.svg": {"path":"/Users/juniormartins/www/rocketseat/reactnative/iweather_test/src/assets/snow_day.svg","statementMap":{"0":{"start":{"line":2,"column":14},"end":{"line":2,"column":30}},"1":{"start":{"line":4,"column":2},"end":{"line":7,"column":4}},"2":{"start":{"line":9,"column":0},"end":{"line":9,"column":29}}},"fnMap":{"0":{"name":"SvgSnow_day","decl":{"start":{"line":3,"column":9},"end":{"line":3,"column":20}},"loc":{"start":{"line":3,"column":28},"end":{"line":8,"column":1}},"line":3}},"branchMap":{},"s":{"0":2,"1":0,"2":2},"f":{"0":0},"b":{},"_coverageSchema":"1a1c01bbd47fc00a2c39e90264f33305004495a9","hash":"ae9cdc7d328ff60283a3647690855bf4d8cd4b44"}
,"/Users/juniormartins/www/rocketseat/reactnative/iweather_test/src/assets/snow_night.svg": {"path":"/Users/juniormartins/www/rocketseat/reactnative/iweather_test/src/assets/snow_night.svg","statementMap":{"0":{"start":{"line":2,"column":14},"end":{"line":2,"column":30}},"1":{"start":{"line":4,"column":2},"end":{"line":7,"column":4}},"2":{"start":{"line":9,"column":0},"end":{"line":9,"column":31}}},"fnMap":{"0":{"name":"SvgSnow_night","decl":{"start":{"line":3,"column":9},"end":{"line":3,"column":22}},"loc":{"start":{"line":3,"column":30},"end":{"line":8,"column":1}},"line":3}},"branchMap":{},"s":{"0":2,"1":0,"2":2},"f":{"0":0},"b":{},"_coverageSchema":"1a1c01bbd47fc00a2c39e90264f33305004495a9","hash":"99e7d7eb33a0e3b5bcc8c0bfb7322d30ccae60d7"}
,"/Users/juniormartins/www/rocketseat/reactnative/iweather_test/src/assets/sun.svg": {"path":"/Users/juniormartins/www/rocketseat/reactnative/iweather_test/src/assets/sun.svg","statementMap":{"0":{"start":{"line":2,"column":14},"end":{"line":2,"column":30}},"1":{"start":{"line":4,"column":2},"end":{"line":7,"column":4}},"2":{"start":{"line":9,"column":0},"end":{"line":9,"column":24}}},"fnMap":{"0":{"name":"SvgSun","decl":{"start":{"line":3,"column":9},"end":{"line":3,"column":15}},"loc":{"start":{"line":3,"column":23},"end":{"line":8,"column":1}},"line":3}},"branchMap":{},"s":{"0":1,"1":2,"2":1},"f":{"0":2},"b":{},"_coverageSchema":"1a1c01bbd47fc00a2c39e90264f33305004495a9","hash":"74e94aef7f53c99bf36289ae08a9be1ab60ad6f3"}
,"/Users/juniormartins/www/rocketseat/reactnative/iweather_test/src/assets/thermometer.svg": {"path":"/Users/juniormartins/www/rocketseat/reactnative/iweather_test/src/assets/thermometer.svg","statementMap":{"0":{"start":{"line":2,"column":14},"end":{"line":2,"column":30}},"1":{"start":{"line":4,"column":2},"end":{"line":7,"column":4}},"2":{"start":{"line":9,"column":0},"end":{"line":9,"column":32}}},"fnMap":{"0":{"name":"SvgThermometer","decl":{"start":{"line":3,"column":9},"end":{"line":3,"column":23}},"loc":{"start":{"line":3,"column":31},"end":{"line":8,"column":1}},"line":3}},"branchMap":{},"s":{"0":1,"1":2,"2":1},"f":{"0":2},"b":{},"_coverageSchema":"1a1c01bbd47fc00a2c39e90264f33305004495a9","hash":"f3f2e5426b06d908ec8903834e3b1ba68c5533fc"}
,"/Users/juniormartins/www/rocketseat/reactnative/iweather_test/src/assets/wind.svg": {"path":"/Users/juniormartins/www/rocketseat/reactnative/iweather_test/src/assets/wind.svg","statementMap":{"0":{"start":{"line":2,"column":14},"end":{"line":2,"column":30}},"1":{"start":{"line":4,"column":2},"end":{"line":7,"column":4}},"2":{"start":{"line":9,"column":0},"end":{"line":9,"column":25}}},"fnMap":{"0":{"name":"SvgWind","decl":{"start":{"line":3,"column":9},"end":{"line":3,"column":16}},"loc":{"start":{"line":3,"column":24},"end":{"line":8,"column":1}},"line":3}},"branchMap":{},"s":{"0":1,"1":2,"2":1},"f":{"0":2},"b":{},"_coverageSchema":"1a1c01bbd47fc00a2c39e90264f33305004495a9","hash":"1d85a97a38ed60eb4215b4c82a56092d949cdd12"}
,"/Users/juniormartins/www/rocketseat/reactnative/iweather_test/src/components/Day/index.tsx": {"path":"/Users/juniormartins/www/rocketseat/reactnative/iweather_test/src/components/Day/index.tsx","statementMap":{"0":{"start":{"line":19,"column":25},"end":{"line":19,"column":29}},"1":{"start":{"line":21,"column":2},"end":{"line":37,"column":4}}},"fnMap":{"0":{"name":"Day","decl":{"start":{"line":18,"column":16},"end":{"line":18,"column":19}},"loc":{"start":{"line":18,"column":37},"end":{"line":38,"column":1}},"line":18}},"branchMap":{},"s":{"0":8,"1":8},"f":{"0":8},"b":{},"_coverageSchema":"1a1c01bbd47fc00a2c39e90264f33305004495a9","hash":"ff08c44d1dc4b73285474fe34b17072c5ade51ea"}
,"/Users/juniormartins/www/rocketseat/reactnative/iweather_test/src/components/Day/styles.ts": {"path":"/Users/juniormartins/www/rocketseat/reactnative/iweather_test/src/components/Day/styles.ts","statementMap":{"0":{"start":{"line":4,"column":22},"end":{"line":28,"column":2}}},"fnMap":{},"branchMap":{},"s":{"0":3},"f":{},"b":{},"_coverageSchema":"1a1c01bbd47fc00a2c39e90264f33305004495a9","hash":"7d3b987ed51a5e75e654d370a12d59901f143c4d"}
,"/Users/juniormartins/www/rocketseat/reactnative/iweather_test/src/components/Input/index.tsx": {"path":"/Users/juniormartins/www/rocketseat/reactnative/iweather_test/src/components/Input/index.tsx","statementMap":{"0":{"start":{"line":11,"column":2},"end":{"line":28,"column":4}}},"fnMap":{"0":{"name":"Input","decl":{"start":{"line":10,"column":16},"end":{"line":10,"column":21}},"loc":{"start":{"line":10,"column":61},"end":{"line":29,"column":1}},"line":10}},"branchMap":{"0":{"loc":{"start":{"line":10,"column":24},"end":{"line":10,"column":41}},"type":"default-arg","locations":[{"start":{"line":10,"column":36},"end":{"line":10,"column":41}}],"line":10},"1":{"loc":{"start":{"line":20,"column":8},"end":{"line":25,"column":9}},"type":"binary-expr","locations":[{"start":{"line":20,"column":8},"end":{"line":20,"column":17}},{"start":{"line":21,"column":10},"end":{"line":24,"column":12}}],"line":20}},"s":{"0":10},"f":{"0":10},"b":{"0":[3],"1":[10,1]},"_coverageSchema":"1a1c01bbd47fc00a2c39e90264f33305004495a9","hash":"9db00d70b32b6d0b1c53e4f761c9e0908a775c5b"}
,"/Users/juniormartins/www/rocketseat/reactnative/iweather_test/src/components/Input/styles.ts": {"path":"/Users/juniormartins/www/rocketseat/reactnative/iweather_test/src/components/Input/styles.ts","statementMap":{"0":{"start":{"line":4,"column":22},"end":{"line":19,"column":2}}},"fnMap":{},"branchMap":{},"s":{"0":3},"f":{},"b":{},"_coverageSchema":"1a1c01bbd47fc00a2c39e90264f33305004495a9","hash":"1ded7f353fdc14bf78ec05e59f3ff4aaa1196c57"}
,"/Users/juniormartins/www/rocketseat/reactnative/iweather_test/src/components/Loading/index.tsx": {"path":"/Users/juniormartins/www/rocketseat/reactnative/iweather_test/src/components/Loading/index.tsx","statementMap":{"0":{"start":{"line":7,"column":2},"end":{"line":11,"column":4}}},"fnMap":{"0":{"name":"Loading","decl":{"start":{"line":6,"column":16},"end":{"line":6,"column":23}},"loc":{"start":{"line":6,"column":26},"end":{"line":12,"column":1}},"line":6}},"branchMap":{},"s":{"0":6},"f":{"0":6},"b":{},"_coverageSchema":"1a1c01bbd47fc00a2c39e90264f33305004495a9","hash":"56fa34060ed9e9564bbf2d2311129f75be5b501c"}
,"/Users/juniormartins/www/rocketseat/reactnative/iweather_test/src/components/Loading/styles.ts": {"path":"/Users/juniormartins/www/rocketseat/reactnative/iweather_test/src/components/Loading/styles.ts","statementMap":{"0":{"start":{"line":4,"column":22},"end":{"line":11,"column":2}}},"fnMap":{},"branchMap":{},"s":{"0":1},"f":{},"b":{},"_coverageSchema":"1a1c01bbd47fc00a2c39e90264f33305004495a9","hash":"36349d505bd9cf9caa0095dd2732df3950071faa"}
,"/Users/juniormartins/www/rocketseat/reactnative/iweather_test/src/components/NextDays/index.tsx": {"path":"/Users/juniormartins/www/rocketseat/reactnative/iweather_test/src/components/NextDays/index.tsx","statementMap":{"0":{"start":{"line":12,"column":2},"end":{"line":20,"column":4}},"1":{"start":{"line":16,"column":10},"end":{"line":16,"column":42}}},"fnMap":{"0":{"name":"NextDays","decl":{"start":{"line":11,"column":16},"end":{"line":11,"column":24}},"loc":{"start":{"line":11,"column":42},"end":{"line":21,"column":1}},"line":11},"1":{"name":"(anonymous_1)","decl":{"start":{"line":15,"column":17},"end":{"line":15,"column":18}},"loc":{"start":{"line":16,"column":10},"end":{"line":16,"column":42}},"line":16}},"branchMap":{},"s":{"0":3,"1":7},"f":{"0":3,"1":7},"b":{},"_coverageSchema":"1a1c01bbd47fc00a2c39e90264f33305004495a9","hash":"01c010799d89ed5de578ae6b1ba8d094390c88a9"}
,"/Users/juniormartins/www/rocketseat/reactnative/iweather_test/src/components/NextDays/styles.ts": {"path":"/Users/juniormartins/www/rocketseat/reactnative/iweather_test/src/components/NextDays/styles.ts","statementMap":{"0":{"start":{"line":4,"column":22},"end":{"line":14,"column":2}}},"fnMap":{},"branchMap":{},"s":{"0":2},"f":{},"b":{},"_coverageSchema":"1a1c01bbd47fc00a2c39e90264f33305004495a9","hash":"f1695fe473708ecd3fa057f8f4055783f3987241"}
,"/Users/juniormartins/www/rocketseat/reactnative/iweather_test/src/components/SelectList/index.tsx": {"path":"/Users/juniormartins/www/rocketseat/reactnative/iweather_test/src/components/SelectList/index.tsx","statementMap":{"0":{"start":{"line":17,"column":2},"end":{"line":38,"column":4}},"1":{"start":{"line":28,"column":10},"end":{"line":34,"column":29}},"2":{"start":{"line":31,"column":27},"end":{"line":31,"column":46}}},"fnMap":{"0":{"name":"SelectList","decl":{"start":{"line":16,"column":16},"end":{"line":16,"column":26}},"loc":{"start":{"line":16,"column":41},"end":{"line":39,"column":1}},"line":16},"1":{"name":"(anonymous_1)","decl":{"start":{"line":27,"column":24},"end":{"line":27,"column":25}},"loc":{"start":{"line":28,"column":10},"end":{"line":34,"column":29}},"line":28},"2":{"name":"(anonymous_2)","decl":{"start":{"line":31,"column":21},"end":{"line":31,"column":22}},"loc":{"start":{"line":31,"column":27},"end":{"line":31,"column":46}},"line":31}},"branchMap":{},"s":{"0":8,"1":2,"2":1},"f":{"0":8,"1":2,"2":1},"b":{},"_coverageSchema":"1a1c01bbd47fc00a2c39e90264f33305004495a9","hash":"4490e4eba44d42d4518067367d051286d497069e"}
,"/Users/juniormartins/www/rocketseat/reactnative/iweather_test/src/components/SelectList/styles.ts": {"path":"/Users/juniormartins/www/rocketseat/reactnative/iweather_test/src/components/SelectList/styles.ts","statementMap":{"0":{"start":{"line":4,"column":22},"end":{"line":28,"column":2}}},"fnMap":{},"branchMap":{},"s":{"0":2},"f":{},"b":{},"_coverageSchema":"1a1c01bbd47fc00a2c39e90264f33305004495a9","hash":"e29087df509413d188258afaf4d01c7fc52ec56a"}
,"/Users/juniormartins/www/rocketseat/reactnative/iweather_test/src/components/WeatherDetails/index.tsx": {"path":"/Users/juniormartins/www/rocketseat/reactnative/iweather_test/src/components/WeatherDetails/index.tsx","statementMap":{"0":{"start":{"line":26,"column":2},"end":{"line":59,"column":4}}},"fnMap":{"0":{"name":"WeatherDetails","decl":{"start":{"line":25,"column":16},"end":{"line":25,"column":30}},"loc":{"start":{"line":25,"column":48},"end":{"line":60,"column":1}},"line":25}},"branchMap":{},"s":{"0":2},"f":{"0":2},"b":{},"_coverageSchema":"1a1c01bbd47fc00a2c39e90264f33305004495a9","hash":"72938593848c3fcc0dbf5c3a0c9eb230b06c6882"}
,"/Users/juniormartins/www/rocketseat/reactnative/iweather_test/src/components/WeatherDetails/styles.ts": {"path":"/Users/juniormartins/www/rocketseat/reactnative/iweather_test/src/components/WeatherDetails/styles.ts","statementMap":{"0":{"start":{"line":4,"column":22},"end":{"line":11,"column":2}}},"fnMap":{},"branchMap":{},"s":{"0":1},"f":{},"b":{},"_coverageSchema":"1a1c01bbd47fc00a2c39e90264f33305004495a9","hash":"c7b883a32fbb39c6ba0ea65419406358d09f3cca"}
,"/Users/juniormartins/www/rocketseat/reactnative/iweather_test/src/components/WeatherItem/index.tsx": {"path":"/Users/juniormartins/www/rocketseat/reactnative/iweather_test/src/components/WeatherItem/index.tsx","statementMap":{"0":{"start":{"line":14,"column":2},"end":{"line":26,"column":4}}},"fnMap":{"0":{"name":"WeatherItem","decl":{"start":{"line":13,"column":16},"end":{"line":13,"column":27}},"loc":{"start":{"line":13,"column":81},"end":{"line":27,"column":1}},"line":13}},"branchMap":{"0":{"loc":{"start":{"line":13,"column":56},"end":{"line":13,"column":70}},"type":"default-arg","locations":[{"start":{"line":13,"column":65},"end":{"line":13,"column":70}}],"line":13},"1":{"loc":{"start":{"line":15,"column":36},"end":{"line":15,"column":66}},"type":"binary-expr","locations":[{"start":{"line":15,"column":36},"end":{"line":15,"column":43}},{"start":{"line":15,"column":47},"end":{"line":15,"column":66}}],"line":15}},"s":{"0":11},"f":{"0":11},"b":{"0":[9],"1":[11,9]},"_coverageSchema":"1a1c01bbd47fc00a2c39e90264f33305004495a9","hash":"bc13755691822b37df51b0311c5c680e0d233240"}
,"/Users/juniormartins/www/rocketseat/reactnative/iweather_test/src/components/WeatherItem/styles.ts": {"path":"/Users/juniormartins/www/rocketseat/reactnative/iweather_test/src/components/WeatherItem/styles.ts","statementMap":{"0":{"start":{"line":4,"column":22},"end":{"line":27,"column":2}}},"fnMap":{},"branchMap":{},"s":{"0":2},"f":{},"b":{},"_coverageSchema":"1a1c01bbd47fc00a2c39e90264f33305004495a9","hash":"384bf6315d21a2a3a6b86862416072fed41f121c"}
,"/Users/juniormartins/www/rocketseat/reactnative/iweather_test/src/components/WeatherToday/index.tsx": {"path":"/Users/juniormartins/www/rocketseat/reactnative/iweather_test/src/components/WeatherToday/index.tsx","statementMap":{"0":{"start":{"line":23,"column":16},"end":{"line":23,"column":72}},"1":{"start":{"line":24,"column":16},"end":{"line":24,"column":27}},"2":{"start":{"line":26,"column":16},"end":{"line":26,"column":73}},"3":{"start":{"line":27,"column":15},"end":{"line":27,"column":78}},"4":{"start":{"line":29,"column":2},"end":{"line":59,"column":4}}},"fnMap":{"0":{"name":"WeatherToday","decl":{"start":{"line":22,"column":16},"end":{"line":22,"column":28}},"loc":{"start":{"line":22,"column":55},"end":{"line":60,"column":1}},"line":22}},"branchMap":{"0":{"loc":{"start":{"line":26,"column":16},"end":{"line":26,"column":73}},"type":"cond-expr","locations":[{"start":{"line":26,"column":24},"end":{"line":26,"column":46}},{"start":{"line":26,"column":49},"end":{"line":26,"column":73}}],"line":26},"1":{"loc":{"start":{"line":27,"column":15},"end":{"line":27,"column":78}},"type":"cond-expr","locations":[{"start":{"line":27,"column":23},"end":{"line":27,"column":48}},{"start":{"line":27,"column":51},"end":{"line":27,"column":78}}],"line":27}},"s":{"0":2,"1":2,"2":2,"3":2,"4":2},"f":{"0":2},"b":{"0":[0,2],"1":[0,2]},"_coverageSchema":"1a1c01bbd47fc00a2c39e90264f33305004495a9","hash":"9b4de7a0eb2ec1a0d7eea0b103b76fa8e0fa98d7"}
,"/Users/juniormartins/www/rocketseat/reactnative/iweather_test/src/components/WeatherToday/styles.ts": {"path":"/Users/juniormartins/www/rocketseat/reactnative/iweather_test/src/components/WeatherToday/styles.ts","statementMap":{"0":{"start":{"line":4,"column":22},"end":{"line":48,"column":2}}},"fnMap":{},"branchMap":{},"s":{"0":1},"f":{},"b":{},"_coverageSchema":"1a1c01bbd47fc00a2c39e90264f33305004495a9","hash":"13aac67ec632eb5444d8d4eb977e726f9c608d44"}
,"/Users/juniormartins/www/rocketseat/reactnative/iweather_test/src/contexts/CityContext.tsx": {"path":"/Users/juniormartins/www/rocketseat/reactnative/iweather_test/src/contexts/CityContext.tsx","statementMap":{"0":{"start":{"line":16,"column":27},"end":{"line":16,"column":90}},"1":{"start":{"line":19,"column":44},"end":{"line":19,"column":58}},"2":{"start":{"line":20,"column":26},"end":{"line":20,"column":58}},"3":{"start":{"line":23,"column":4},"end":{"line":23,"column":27}},"4":{"start":{"line":25,"column":4},"end":{"line":25,"column":40}},"5":{"start":{"line":26,"column":4},"end":{"line":26,"column":26}},"6":{"start":{"line":28,"column":4},"end":{"line":28,"column":28}},"7":{"start":{"line":31,"column":2},"end":{"line":37,"column":9}},"8":{"start":{"line":32,"column":4},"end":{"line":32,"column":27}},"9":{"start":{"line":34,"column":4},"end":{"line":36,"column":46}},"10":{"start":{"line":35,"column":22},"end":{"line":35,"column":35}},"11":{"start":{"line":36,"column":21},"end":{"line":36,"column":44}},"12":{"start":{"line":39,"column":2},"end":{"line":47,"column":3}}},"fnMap":{"0":{"name":"CityProvider","decl":{"start":{"line":18,"column":16},"end":{"line":18,"column":28}},"loc":{"start":{"line":18,"column":69},"end":{"line":48,"column":1}},"line":18},"1":{"name":"handleChanceCity","decl":{"start":{"line":22,"column":17},"end":{"line":22,"column":33}},"loc":{"start":{"line":22,"column":59},"end":{"line":29,"column":3}},"line":22},"2":{"name":"(anonymous_2)","decl":{"start":{"line":31,"column":12},"end":{"line":31,"column":13}},"loc":{"start":{"line":31,"column":18},"end":{"line":37,"column":3}},"line":31},"3":{"name":"(anonymous_3)","decl":{"start":{"line":35,"column":12},"end":{"line":35,"column":13}},"loc":{"start":{"line":35,"column":22},"end":{"line":35,"column":35}},"line":35},"4":{"name":"(anonymous_4)","decl":{"start":{"line":36,"column":15},"end":{"line":36,"column":16}},"loc":{"start":{"line":36,"column":21},"end":{"line":36,"column":44}},"line":36}},"branchMap":{},"s":{"0":2,"1":12,"2":12,"3":1,"4":1,"5":1,"6":1,"7":12,"8":4,"9":4,"10":4,"11":4,"12":12},"f":{"0":12,"1":1,"2":4,"3":4,"4":4},"b":{},"_coverageSchema":"1a1c01bbd47fc00a2c39e90264f33305004495a9","hash":"bf8169a4c95aef36cb3f58d0cbb2a5a6ab8f5736"}
,"/Users/juniormartins/www/rocketseat/reactnative/iweather_test/src/hooks/useCity.ts": {"path":"/Users/juniormartins/www/rocketseat/reactnative/iweather_test/src/hooks/useCity.ts","statementMap":{"0":{"start":{"line":6,"column":18},"end":{"line":6,"column":41}},"1":{"start":{"line":8,"column":2},"end":{"line":8,"column":16}}},"fnMap":{"0":{"name":"useCity","decl":{"start":{"line":5,"column":16},"end":{"line":5,"column":23}},"loc":{"start":{"line":5,"column":26},"end":{"line":9,"column":1}},"line":5}},"branchMap":{},"s":{"0":23,"1":23},"f":{"0":23},"b":{},"_coverageSchema":"1a1c01bbd47fc00a2c39e90264f33305004495a9","hash":"b5c9c5fb42a044fa9f59b1de1c4cfaa3df3c2b00"}
,"/Users/juniormartins/www/rocketseat/reactnative/iweather_test/src/libs/asyncStorage/cityStorage.ts": {"path":"/Users/juniormartins/www/rocketseat/reactnative/iweather_test/src/libs/asyncStorage/cityStorage.ts","statementMap":{"0":{"start":{"line":4,"column":20},"end":{"line":4,"column":36}},"1":{"start":{"line":7,"column":18},"end":{"line":7,"column":57}},"2":{"start":{"line":9,"column":19},"end":{"line":9,"column":68}},"3":{"start":{"line":11,"column":2},"end":{"line":11,"column":18}},"4":{"start":{"line":15,"column":2},"end":{"line":15,"column":64}},"5":{"start":{"line":19,"column":2},"end":{"line":19,"column":45}}},"fnMap":{"0":{"name":"getStorageCity","decl":{"start":{"line":6,"column":22},"end":{"line":6,"column":36}},"loc":{"start":{"line":6,"column":39},"end":{"line":12,"column":1}},"line":6},"1":{"name":"saveStorageCity","decl":{"start":{"line":14,"column":22},"end":{"line":14,"column":37}},"loc":{"start":{"line":14,"column":55},"end":{"line":16,"column":1}},"line":14},"2":{"name":"removeStorageCity","decl":{"start":{"line":18,"column":22},"end":{"line":18,"column":39}},"loc":{"start":{"line":18,"column":42},"end":{"line":20,"column":1}},"line":18}},"branchMap":{"0":{"loc":{"start":{"line":9,"column":19},"end":{"line":9,"column":68}},"type":"cond-expr","locations":[{"start":{"line":9,"column":29},"end":{"line":9,"column":61}},{"start":{"line":9,"column":64},"end":{"line":9,"column":68}}],"line":9}},"s":{"0":3,"1":7,"2":7,"3":7,"4":4,"5":1},"f":{"0":7,"1":4,"2":1},"b":{"0":[3,4]},"_coverageSchema":"1a1c01bbd47fc00a2c39e90264f33305004495a9","hash":"1cf5e1f23e54c488610356a40ee0e5797d1f440a"}
,"/Users/juniormartins/www/rocketseat/reactnative/iweather_test/src/routes/app.routes.tsx": {"path":"/Users/juniormartins/www/rocketseat/reactnative/iweather_test/src/routes/app.routes.tsx","statementMap":{"0":{"start":{"line":6,"column":30},"end":{"line":6,"column":58}},"1":{"start":{"line":9,"column":2},"end":{"line":21,"column":3}}},"fnMap":{"0":{"name":"AppRoutes","decl":{"start":{"line":8,"column":16},"end":{"line":8,"column":25}},"loc":{"start":{"line":8,"column":28},"end":{"line":22,"column":1}},"line":8}},"branchMap":{},"s":{"0":1,"1":4},"f":{"0":4},"b":{},"_coverageSchema":"1a1c01bbd47fc00a2c39e90264f33305004495a9","hash":"9911fe993be7b70be34f699d0316558b9835912f"}
,"/Users/juniormartins/www/rocketseat/reactnative/iweather_test/src/routes/index.tsx": {"path":"/Users/juniormartins/www/rocketseat/reactnative/iweather_test/src/routes/index.tsx","statementMap":{"0":{"start":{"line":12,"column":19},"end":{"line":12,"column":28}},"1":{"start":{"line":13,"column":17},"end":{"line":13,"column":36}},"2":{"start":{"line":15,"column":2},"end":{"line":21,"column":4}}},"fnMap":{"0":{"name":"Routes","decl":{"start":{"line":11,"column":16},"end":{"line":11,"column":22}},"loc":{"start":{"line":11,"column":25},"end":{"line":22,"column":1}},"line":11}},"branchMap":{"0":{"loc":{"start":{"line":18,"column":9},"end":{"line":18,"column":45}},"type":"cond-expr","locations":[{"start":{"line":18,"column":16},"end":{"line":18,"column":29}},{"start":{"line":18,"column":32},"end":{"line":18,"column":45}}],"line":18}},"s":{"0":8,"1":8,"2":8},"f":{"0":8},"b":{"0":[4,4]},"_coverageSchema":"1a1c01bbd47fc00a2c39e90264f33305004495a9","hash":"4573c2288757b52bc5cb5c43cc314aabfb8d391b"}
,"/Users/juniormartins/www/rocketseat/reactnative/iweather_test/src/screens/Dashboard/index.tsx": {"path":"/Users/juniormartins/www/rocketseat/reactnative/iweather_test/src/screens/Dashboard/index.tsx","statementMap":{"0":{"start":{"line":17,"column":30},"end":{"line":17,"column":42}},"1":{"start":{"line":18,"column":40},"end":{"line":18,"column":55}},"2":{"start":{"line":19,"column":30},"end":{"line":19,"column":55}},"3":{"start":{"line":20,"column":50},"end":{"line":20,"column":64}},"4":{"start":{"line":21,"column":32},"end":{"line":21,"column":90}},"5":{"start":{"line":23,"column":52},"end":{"line":23,"column":61}},"6":{"start":{"line":26,"column":4},"end":{"line":26,"column":28}},"7":{"start":{"line":27,"column":4},"end":{"line":27,"column":18}},"8":{"start":{"line":28,"column":4},"end":{"line":28,"column":18}},"9":{"start":{"line":32,"column":4},"end":{"line":34,"column":5}},"10":{"start":{"line":33,"column":6},"end":{"line":33,"column":13}},"11":{"start":{"line":36,"column":4},"end":{"line":36,"column":30}},"12":{"start":{"line":38,"column":36},"end":{"line":38,"column":40}},"13":{"start":{"line":39,"column":21},"end":{"line":39,"column":75}},"14":{"start":{"line":41,"column":4},"end":{"line":41,"column":25}},"15":{"start":{"line":42,"column":4},"end":{"line":42,"column":31}},"16":{"start":{"line":46,"column":4},"end":{"line":46,"column":25}},"17":{"start":{"line":48,"column":21},"end":{"line":48,"column":53}},"18":{"start":{"line":50,"column":4},"end":{"line":50,"column":24}},"19":{"start":{"line":51,"column":4},"end":{"line":51,"column":26}},"20":{"start":{"line":54,"column":2},"end":{"line":63,"column":15}},"21":{"start":{"line":55,"column":4},"end":{"line":57,"column":5}},"22":{"start":{"line":56,"column":6},"end":{"line":56,"column":13}},"23":{"start":{"line":59,"column":4},"end":{"line":59,"column":21}},"24":{"start":{"line":60,"column":21},"end":{"line":60,"column":61}},"25":{"start":{"line":60,"column":38},"end":{"line":60,"column":55}},"26":{"start":{"line":62,"column":4},"end":{"line":62,"column":41}},"27":{"start":{"line":62,"column":17},"end":{"line":62,"column":40}},"28":{"start":{"line":65,"column":2},"end":{"line":67,"column":13}},"29":{"start":{"line":66,"column":4},"end":{"line":66,"column":24}},"30":{"start":{"line":69,"column":2},"end":{"line":71,"column":3}},"31":{"start":{"line":70,"column":4},"end":{"line":70,"column":23}},"32":{"start":{"line":73,"column":2},"end":{"line":91,"column":4}}},"fnMap":{"0":{"name":"Dashboard","decl":{"start":{"line":16,"column":16},"end":{"line":16,"column":25}},"loc":{"start":{"line":16,"column":28},"end":{"line":92,"column":1}},"line":16},"1":{"name":"handleSelect","decl":{"start":{"line":25,"column":11},"end":{"line":25,"column":23}},"loc":{"start":{"line":25,"column":42},"end":{"line":29,"column":3}},"line":25},"2":{"name":"getWeatherDetails","decl":{"start":{"line":31,"column":17},"end":{"line":31,"column":34}},"loc":{"start":{"line":31,"column":37},"end":{"line":43,"column":3}},"line":31},"3":{"name":"getCities","decl":{"start":{"line":45,"column":17},"end":{"line":45,"column":26}},"loc":{"start":{"line":45,"column":41},"end":{"line":52,"column":3}},"line":45},"4":{"name":"(anonymous_4)","decl":{"start":{"line":54,"column":12},"end":{"line":54,"column":13}},"loc":{"start":{"line":54,"column":18},"end":{"line":63,"column":3}},"line":54},"5":{"name":"(anonymous_5)","decl":{"start":{"line":60,"column":32},"end":{"line":60,"column":33}},"loc":{"start":{"line":60,"column":38},"end":{"line":60,"column":55}},"line":60},"6":{"name":"(anonymous_6)","decl":{"start":{"line":62,"column":11},"end":{"line":62,"column":12}},"loc":{"start":{"line":62,"column":17},"end":{"line":62,"column":40}},"line":62},"7":{"name":"(anonymous_7)","decl":{"start":{"line":65,"column":12},"end":{"line":65,"column":13}},"loc":{"start":{"line":65,"column":18},"end":{"line":67,"column":3}},"line":65}},"branchMap":{"0":{"loc":{"start":{"line":32,"column":4},"end":{"line":34,"column":5}},"type":"if","locations":[{"start":{"line":32,"column":4},"end":{"line":34,"column":5}},{"start":{},"end":{}}],"line":32},"1":{"loc":{"start":{"line":55,"column":4},"end":{"line":57,"column":5}},"type":"if","locations":[{"start":{"line":55,"column":4},"end":{"line":57,"column":5}},{"start":{},"end":{}}],"line":55},"2":{"loc":{"start":{"line":69,"column":2},"end":{"line":71,"column":3}},"type":"if","locations":[{"start":{"line":69,"column":2},"end":{"line":71,"column":3}},{"start":{},"end":{}}],"line":69},"3":{"loc":{"start":{"line":69,"column":6},"end":{"line":69,"column":48}},"type":"binary-expr","locations":[{"start":{"line":69,"column":6},"end":{"line":69,"column":22}},{"start":{"line":69,"column":26},"end":{"line":69,"column":39}},{"start":{"line":69,"column":43},"end":{"line":69,"column":48}}],"line":69}},"s":{"0":8,"1":8,"2":8,"3":8,"4":8,"5":8,"6":0,"7":0,"8":0,"9":2,"10":0,"11":2,"12":2,"13":2,"14":2,"15":2,"16":0,"17":0,"18":0,"19":0,"20":8,"21":2,"22":2,"23":0,"24":0,"25":0,"26":0,"27":0,"28":8,"29":2,"30":8,"31":6,"32":2},"f":{"0":8,"1":0,"2":2,"3":0,"4":2,"5":0,"6":0,"7":2},"b":{"0":[0,2],"1":[2,0],"2":[6,2],"3":[8,2,2]},"_coverageSchema":"1a1c01bbd47fc00a2c39e90264f33305004495a9","hash":"1dd2ca20fda5b491c9fefa46346c4df0b1c105da"}
,"/Users/juniormartins/www/rocketseat/reactnative/iweather_test/src/screens/Dashboard/styles.ts": {"path":"/Users/juniormartins/www/rocketseat/reactnative/iweather_test/src/screens/Dashboard/styles.ts","statementMap":{"0":{"start":{"line":4,"column":22},"end":{"line":16,"column":2}}},"fnMap":{},"branchMap":{},"s":{"0":1},"f":{},"b":{},"_coverageSchema":"1a1c01bbd47fc00a2c39e90264f33305004495a9","hash":"e8a179d7f88341d2eed56478ae02df1e89fb3918"}
,"/Users/juniormartins/www/rocketseat/reactnative/iweather_test/src/screens/Search/index.tsx": {"path":"/Users/juniormartins/www/rocketseat/reactnative/iweather_test/src/screens/Search/index.tsx","statementMap":{"0":{"start":{"line":14,"column":30},"end":{"line":14,"column":42}},"1":{"start":{"line":15,"column":36},"end":{"line":15,"column":51}},"2":{"start":{"line":16,"column":30},"end":{"line":16,"column":55}},"3":{"start":{"line":18,"column":31},"end":{"line":18,"column":40}},"4":{"start":{"line":21,"column":4},"end":{"line":21,"column":23}},"5":{"start":{"line":23,"column":21},"end":{"line":23,"column":53}},"6":{"start":{"line":25,"column":4},"end":{"line":25,"column":24}},"7":{"start":{"line":26,"column":4},"end":{"line":26,"column":24}},"8":{"start":{"line":29,"column":2},"end":{"line":37,"column":15}},"9":{"start":{"line":30,"column":4},"end":{"line":32,"column":5}},"10":{"start":{"line":31,"column":6},"end":{"line":31,"column":13}},"11":{"start":{"line":34,"column":21},"end":{"line":34,"column":61}},"12":{"start":{"line":34,"column":38},"end":{"line":34,"column":55}},"13":{"start":{"line":36,"column":4},"end":{"line":36,"column":41}},"14":{"start":{"line":36,"column":17},"end":{"line":36,"column":40}},"15":{"start":{"line":39,"column":2},"end":{"line":63,"column":4}}},"fnMap":{"0":{"name":"Search","decl":{"start":{"line":13,"column":16},"end":{"line":13,"column":22}},"loc":{"start":{"line":13,"column":25},"end":{"line":64,"column":1}},"line":13},"1":{"name":"getCities","decl":{"start":{"line":20,"column":17},"end":{"line":20,"column":26}},"loc":{"start":{"line":20,"column":41},"end":{"line":27,"column":3}},"line":20},"2":{"name":"(anonymous_2)","decl":{"start":{"line":29,"column":12},"end":{"line":29,"column":13}},"loc":{"start":{"line":29,"column":18},"end":{"line":37,"column":3}},"line":29},"3":{"name":"(anonymous_3)","decl":{"start":{"line":34,"column":32},"end":{"line":34,"column":33}},"loc":{"start":{"line":34,"column":38},"end":{"line":34,"column":55}},"line":34},"4":{"name":"(anonymous_4)","decl":{"start":{"line":36,"column":11},"end":{"line":36,"column":12}},"loc":{"start":{"line":36,"column":17},"end":{"line":36,"column":40}},"line":36}},"branchMap":{"0":{"loc":{"start":{"line":30,"column":4},"end":{"line":32,"column":5}},"type":"if","locations":[{"start":{"line":30,"column":4},"end":{"line":32,"column":5}},{"start":{},"end":{}}],"line":30}},"s":{"0":4,"1":4,"2":4,"3":4,"4":0,"5":0,"6":0,"7":0,"8":4,"9":3,"10":3,"11":0,"12":0,"13":0,"14":0,"15":4},"f":{"0":4,"1":0,"2":3,"3":0,"4":0},"b":{"0":[3,0]},"_coverageSchema":"1a1c01bbd47fc00a2c39e90264f33305004495a9","hash":"0fddf5b3a4a6ba5bfbee8d2eb6cc97266834b9b7"}
,"/Users/juniormartins/www/rocketseat/reactnative/iweather_test/src/screens/Search/styles.ts": {"path":"/Users/juniormartins/www/rocketseat/reactnative/iweather_test/src/screens/Search/styles.ts","statementMap":{"0":{"start":{"line":4,"column":19},"end":{"line":4,"column":43}},"1":{"start":{"line":6,"column":22},"end":{"line":40,"column":2}}},"fnMap":{},"branchMap":{},"s":{"0":1,"1":1},"f":{},"b":{},"_coverageSchema":"1a1c01bbd47fc00a2c39e90264f33305004495a9","hash":"1997cb4da1b34ea7e6263b79bea3f1cf7f7b906c"}
,"/Users/juniormartins/www/rocketseat/reactnative/iweather_test/src/services/api.ts": {"path":"/Users/juniormartins/www/rocketseat/reactnative/iweather_test/src/services/api.ts","statementMap":{"0":{"start":{"line":3,"column":19},"end":{"line":10,"column":2}}},"fnMap":{},"branchMap":{},"s":{"0":3},"f":{},"b":{},"_coverageSchema":"1a1c01bbd47fc00a2c39e90264f33305004495a9","hash":"14257f4f593490e7b7fc321b6230fb3c313cce3c"}
,"/Users/juniormartins/www/rocketseat/reactnative/iweather_test/src/services/getCityByNameService.ts": {"path":"/Users/juniormartins/www/rocketseat/reactnative/iweather_test/src/services/getCityByNameService.ts","statementMap":{"0":{"start":{"line":23,"column":2},"end":{"line":36,"column":3}},"1":{"start":{"line":24,"column":21},"end":{"line":24,"column":73}},"2":{"start":{"line":26,"column":17},"end":{"line":31,"column":5}},"3":{"start":{"line":33,"column":4},"end":{"line":33,"column":18}},"4":{"start":{"line":35,"column":4},"end":{"line":35,"column":14}}},"fnMap":{"0":{"name":"getCityByNameService","decl":{"start":{"line":22,"column":22},"end":{"line":22,"column":42}},"loc":{"start":{"line":22,"column":84},"end":{"line":37,"column":1}},"line":22}},"branchMap":{"0":{"loc":{"start":{"line":28,"column":12},"end":{"line":28,"column":78}},"type":"cond-expr","locations":[{"start":{"line":28,"column":31},"end":{"line":28,"column":66}},{"start":{"line":28,"column":69},"end":{"line":28,"column":78}}],"line":28}},"s":{"0":1,"1":1,"2":1,"3":1,"4":0},"f":{"0":1},"b":{"0":[1,0]},"_coverageSchema":"1a1c01bbd47fc00a2c39e90264f33305004495a9","hash":"89c442d195bd85e822e72d0768b15259944b0042"}
,"/Users/juniormartins/www/rocketseat/reactnative/iweather_test/src/services/getWeatherByCityService.ts": {"path":"/Users/juniormartins/www/rocketseat/reactnative/iweather_test/src/services/getWeatherByCityService.ts","statementMap":{"0":{"start":{"line":46,"column":19},"end":{"line":46,"column":103}},"1":{"start":{"line":47,"column":39},"end":{"line":47,"column":51}},"2":{"start":{"line":49,"column":16},"end":{"line":64,"column":3}},"3":{"start":{"line":66,"column":15},"end":{"line":66,"column":28}},"4":{"start":{"line":67,"column":30},"end":{"line":67,"column":32}},"5":{"start":{"line":68,"column":31},"end":{"line":68,"column":33}},"6":{"start":{"line":70,"column":2},"end":{"line":88,"column":5}},"7":{"start":{"line":71,"column":16},"end":{"line":71,"column":60}},"8":{"start":{"line":73,"column":4},"end":{"line":87,"column":5}},"9":{"start":{"line":74,"column":6},"end":{"line":74,"column":26}},"10":{"start":{"line":76,"column":44},"end":{"line":76,"column":64}},"11":{"start":{"line":78,"column":22},"end":{"line":78,"column":42}},"12":{"start":{"line":80,"column":6},"end":{"line":86,"column":9}},"13":{"start":{"line":90,"column":2},"end":{"line":90,"column":28}}},"fnMap":{"0":{"name":"getWeatherByCityService","decl":{"start":{"line":45,"column":22},"end":{"line":45,"column":45}},"loc":{"start":{"line":45,"column":126},"end":{"line":91,"column":1}},"line":45},"1":{"name":"(anonymous_1)","decl":{"start":{"line":70,"column":20},"end":{"line":70,"column":21}},"loc":{"start":{"line":70,"column":35},"end":{"line":88,"column":3}},"line":70}},"branchMap":{"0":{"loc":{"start":{"line":73,"column":4},"end":{"line":87,"column":5}},"type":"if","locations":[{"start":{"line":73,"column":4},"end":{"line":87,"column":5}},{"start":{},"end":{}}],"line":73},"1":{"loc":{"start":{"line":73,"column":8},"end":{"line":73,"column":54}},"type":"binary-expr","locations":[{"start":{"line":73,"column":8},"end":{"line":73,"column":26}},{"start":{"line":73,"column":30},"end":{"line":73,"column":54}}],"line":73}},"s":{"0":3,"1":3,"2":3,"3":3,"4":3,"5":3,"6":3,"7":6,"8":6,"9":3,"10":3,"11":3,"12":3,"13":3},"f":{"0":3,"1":6},"b":{"0":[3,3],"1":[6,6]},"_coverageSchema":"1a1c01bbd47fc00a2c39e90264f33305004495a9","hash":"ef5f89115cab50302c0fe3d0b101d66912a61c58"}
,"/Users/juniormartins/www/rocketseat/reactnative/iweather_test/src/styles/theme.ts": {"path":"/Users/juniormartins/www/rocketseat/reactnative/iweather_test/src/styles/theme.ts","statementMap":{"0":{"start":{"line":1,"column":21},"end":{"line":23,"column":1}}},"fnMap":{},"branchMap":{},"s":{"0":6},"f":{},"b":{},"_coverageSchema":"1a1c01bbd47fc00a2c39e90264f33305004495a9","hash":"2f8766a70cb25560b5562c81c49dde2904336742"}
,"/Users/juniormartins/www/rocketseat/reactnative/iweather_test/src/utils/getNextDays.ts": {"path":"/Users/juniormartins/www/rocketseat/reactnative/iweather_test/src/utils/getNextDays.ts","statementMap":{"0":{"start":{"line":4,"column":15},"end":{"line":4,"column":17}},"1":{"start":{"line":5,"column":16},"end":{"line":5,"column":26}},"2":{"start":{"line":7,"column":2},"end":{"line":13,"column":3}},"3":{"start":{"line":7,"column":15},"end":{"line":7,"column":16}},"4":{"start":{"line":8,"column":17},"end":{"line":8,"column":27}},"5":{"start":{"line":10,"column":4},"end":{"line":10,"column":44}},"6":{"start":{"line":12,"column":4},"end":{"line":12,"column":43}},"7":{"start":{"line":15,"column":2},"end":{"line":15,"column":14}}},"fnMap":{"0":{"name":"getNextDays","decl":{"start":{"line":3,"column":16},"end":{"line":3,"column":27}},"loc":{"start":{"line":3,"column":30},"end":{"line":16,"column":1}},"line":3}},"branchMap":{},"s":{"0":4,"1":4,"2":4,"3":4,"4":20,"5":20,"6":20,"7":4},"f":{"0":4},"b":{},"_coverageSchema":"1a1c01bbd47fc00a2c39e90264f33305004495a9","hash":"3d6418ce03a12ce0d7051e3060131abc2754a968"}
,"/Users/juniormartins/www/rocketseat/reactnative/iweather_test/src/utils/isDayTime.ts": {"path":"/Users/juniormartins/www/rocketseat/reactnative/iweather_test/src/utils/isDayTime.ts","statementMap":{"0":{"start":{"line":2,"column":16},"end":{"line":2,"column":37}},"1":{"start":{"line":3,"column":2},"end":{"line":3,"column":33}}},"fnMap":{"0":{"name":"isDayTime","decl":{"start":{"line":1,"column":16},"end":{"line":1,"column":25}},"loc":{"start":{"line":1,"column":28},"end":{"line":4,"column":1}},"line":1}},"branchMap":{"0":{"loc":{"start":{"line":3,"column":9},"end":{"line":3,"column":32}},"type":"binary-expr","locations":[{"start":{"line":3,"column":9},"end":{"line":3,"column":18}},{"start":{"line":3,"column":22},"end":{"line":3,"column":32}}],"line":3}},"s":{"0":2,"1":2},"f":{"0":2},"b":{"0":[2,2]},"_coverageSchema":"1a1c01bbd47fc00a2c39e90264f33305004495a9","hash":"ea9f75f803be593fd5c0c507689633055ee9b15c"}
,"/Users/juniormartins/www/rocketseat/reactnative/iweather_test/src/utils/weatherIcons.ts": {"path":"/Users/juniormartins/www/rocketseat/reactnative/iweather_test/src/utils/weatherIcons.ts","statementMap":{"0":{"start":{"line":20,"column":28},"end":{"line":49,"column":1}}},"fnMap":{},"branchMap":{},"s":{"0":2},"f":{},"b":{},"_coverageSchema":"1a1c01bbd47fc00a2c39e90264f33305004495a9","hash":"d5dbb5462879247871b6e75deaaf9318404128e8"}
}
